INFO - 2023-08-15 09:17:01 --> Session: Class initialized using 'CodeIgniter\Session\Handlers\FileHandler' driver.
ERROR - 2023-08-15 09:18:24 --> mysqli_sql_exception: Lock wait timeout exceeded; try restarting transaction in C:\xampp\htdocs\atk_humas\system\Database\MySQLi\Connection.php:295
Stack trace:
#0 C:\xampp\htdocs\atk_humas\system\Database\MySQLi\Connection.php(295): mysqli->query('DELETE FROM `at...', 0)
#1 C:\xampp\htdocs\atk_humas\system\Database\BaseConnection.php(692): CodeIgniter\Database\MySQLi\Connection->execute('DELETE FROM `at...')
#2 C:\xampp\htdocs\atk_humas\system\Database\BaseConnection.php(606): CodeIgniter\Database\BaseConnection->simpleQuery('DELETE FROM `at...')
#3 C:\xampp\htdocs\atk_humas\system\Database\BaseBuilder.php(2791): CodeIgniter\Database\BaseConnection->query('DELETE FROM `at...', Array, false)
#4 C:\xampp\htdocs\atk_humas\system\Model.php(456): CodeIgniter\Database\BaseBuilder->delete()
#5 C:\xampp\htdocs\atk_humas\system\BaseModel.php(1065): CodeIgniter\Model->doDelete(Array, false)
#6 C:\xampp\htdocs\atk_humas\app\Controllers\BarangController.php(89): CodeIgniter\BaseModel->delete(Array)
#7 C:\xampp\htdocs\atk_humas\system\CodeIgniter.php(932): App\Controllers\BarangController->delete('9')
#8 C:\xampp\htdocs\atk_humas\system\CodeIgniter.php(497): CodeIgniter\CodeIgniter->runController(Object(App\Controllers\BarangController))
#9 C:\xampp\htdocs\atk_humas\system\CodeIgniter.php(366): CodeIgniter\CodeIgniter->handleRequest(NULL, Object(Config\Cache), false)
#10 C:\xampp\htdocs\atk_humas\index.php(67): CodeIgniter\CodeIgniter->run()
#11 {main}
CRITICAL - 2023-08-15 09:18:24 --> Lock wait timeout exceeded; try restarting transaction
in SYSTEMPATH\Database\MySQLi\Connection.php on line 295.
 1 SYSTEMPATH\Database\MySQLi\Connection.php(295): mysqli->query('DELETE FROM `atk`
WHERE `id` IN (\'9\')', 0)
 2 SYSTEMPATH\Database\BaseConnection.php(692): CodeIgniter\Database\MySQLi\Connection->execute('DELETE FROM `atk`
WHERE `id` IN (\'9\')')
 3 SYSTEMPATH\Database\BaseConnection.php(606): CodeIgniter\Database\BaseConnection->simpleQuery('DELETE FROM `atk`
WHERE `id` IN (\'9\')')
 4 SYSTEMPATH\Database\BaseBuilder.php(2791): CodeIgniter\Database\BaseConnection->query('DELETE FROM `atk`
WHERE `id` IN :id:', [...], false)
 5 SYSTEMPATH\Model.php(456): CodeIgniter\Database\BaseBuilder->delete()
 6 SYSTEMPATH\BaseModel.php(1065): CodeIgniter\Model->doDelete([...], false)
 7 APPPATH\Controllers\BarangController.php(89): CodeIgniter\BaseModel->delete([...])
 8 SYSTEMPATH\CodeIgniter.php(932): App\Controllers\BarangController->delete('9')
 9 SYSTEMPATH\CodeIgniter.php(497): CodeIgniter\CodeIgniter->runController(Object(App\Controllers\BarangController))
10 SYSTEMPATH\CodeIgniter.php(366): CodeIgniter\CodeIgniter->handleRequest(null, Object(Config\Cache), false)
11 FCPATH\index.php(67): CodeIgniter\CodeIgniter->run()
ERROR - 2023-08-15 09:18:52 --> mysqli_sql_exception: Lock wait timeout exceeded; try restarting transaction in C:\xampp\htdocs\atk_humas\system\Database\MySQLi\Connection.php:295
Stack trace:
#0 C:\xampp\htdocs\atk_humas\system\Database\MySQLi\Connection.php(295): mysqli->query('UPDATE `atk` SE...', 0)
#1 C:\xampp\htdocs\atk_humas\system\Database\BaseConnection.php(692): CodeIgniter\Database\MySQLi\Connection->execute('UPDATE `atk` SE...')
#2 C:\xampp\htdocs\atk_humas\system\Database\BaseConnection.php(606): CodeIgniter\Database\BaseConnection->simpleQuery('UPDATE `atk` SE...')
#3 C:\xampp\htdocs\atk_humas\system\Database\BaseBuilder.php(2476): CodeIgniter\Database\BaseConnection->query('UPDATE `atk` SE...', Array, false)
#4 C:\xampp\htdocs\atk_humas\system\Model.php(396): CodeIgniter\Database\BaseBuilder->update()
#5 C:\xampp\htdocs\atk_humas\system\BaseModel.php(943): CodeIgniter\Model->doUpdate(Array, Array)
#6 C:\xampp\htdocs\atk_humas\system\Model.php(756): CodeIgniter\BaseModel->update(Array, Array)
#7 C:\xampp\htdocs\atk_humas\app\Controllers\BarangController.php(76): CodeIgniter\Model->update('9', Array)
#8 C:\xampp\htdocs\atk_humas\system\CodeIgniter.php(932): App\Controllers\BarangController->edit('9')
#9 C:\xampp\htdocs\atk_humas\system\CodeIgniter.php(497): CodeIgniter\CodeIgniter->runController(Object(App\Controllers\BarangController))
#10 C:\xampp\htdocs\atk_humas\system\CodeIgniter.php(366): CodeIgniter\CodeIgniter->handleRequest(NULL, Object(Config\Cache), false)
#11 C:\xampp\htdocs\atk_humas\index.php(67): CodeIgniter\CodeIgniter->run()
#12 {main}
CRITICAL - 2023-08-15 09:18:52 --> Lock wait timeout exceeded; try restarting transaction
in SYSTEMPATH\Database\MySQLi\Connection.php on line 295.
 1 SYSTEMPATH\Database\MySQLi\Connection.php(295): mysqli->query('UPDATE `atk` SET `nama` = \'Yae Miko\', `jumlah` = \'10\', `keterangan` = \'buah\', `tanggal` = \'2023-08-15\', `status` = \'1\'
WHERE `atk`.`id` IN (\'9\')', 0)
 2 SYSTEMPATH\Database\BaseConnection.php(692): CodeIgniter\Database\MySQLi\Connection->execute('UPDATE `atk` SET `nama` = \'Yae Miko\', `jumlah` = \'10\', `keterangan` = \'buah\', `tanggal` = \'2023-08-15\', `status` = \'1\'
WHERE `atk`.`id` IN (\'9\')')
 3 SYSTEMPATH\Database\BaseConnection.php(606): CodeIgniter\Database\BaseConnection->simpleQuery('UPDATE `atk` SET `nama` = \'Yae Miko\', `jumlah` = \'10\', `keterangan` = \'buah\', `tanggal` = \'2023-08-15\', `status` = \'1\'
WHERE `atk`.`id` IN (\'9\')')
 4 SYSTEMPATH\Database\BaseBuilder.php(2476): CodeIgniter\Database\BaseConnection->query('UPDATE `atk` SET `nama` = :nama:, `jumlah` = :jumlah:, `keterangan` = :keterangan:, `tanggal` = :tanggal:, `status` = :status:
WHERE `atk`.`id` IN :atk.id:', [...], false)
 5 SYSTEMPATH\Model.php(396): CodeIgniter\Database\BaseBuilder->update()
 6 SYSTEMPATH\BaseModel.php(943): CodeIgniter\Model->doUpdate([...], [...])
 7 SYSTEMPATH\Model.php(756): CodeIgniter\BaseModel->update([...], [...])
 8 APPPATH\Controllers\BarangController.php(76): CodeIgniter\Model->update('9', [...])
 9 SYSTEMPATH\CodeIgniter.php(932): App\Controllers\BarangController->edit('9')
10 SYSTEMPATH\CodeIgniter.php(497): CodeIgniter\CodeIgniter->runController(Object(App\Controllers\BarangController))
11 SYSTEMPATH\CodeIgniter.php(366): CodeIgniter\CodeIgniter->handleRequest(null, Object(Config\Cache), false)
12 FCPATH\index.php(67): CodeIgniter\CodeIgniter->run()
ERROR - 2023-08-15 09:18:53 --> mysqli_sql_exception: Lock wait timeout exceeded; try restarting transaction in C:\xampp\htdocs\atk_humas\system\Database\MySQLi\Connection.php:295
Stack trace:
#0 C:\xampp\htdocs\atk_humas\system\Database\MySQLi\Connection.php(295): mysqli->query('UPDATE `atk` SE...', 0)
#1 C:\xampp\htdocs\atk_humas\system\Database\BaseConnection.php(692): CodeIgniter\Database\MySQLi\Connection->execute('UPDATE `atk` SE...')
#2 C:\xampp\htdocs\atk_humas\system\Database\BaseConnection.php(606): CodeIgniter\Database\BaseConnection->simpleQuery('UPDATE `atk` SE...')
#3 C:\xampp\htdocs\atk_humas\system\Database\BaseBuilder.php(2476): CodeIgniter\Database\BaseConnection->query('UPDATE `atk` SE...', Array, false)
#4 C:\xampp\htdocs\atk_humas\system\Model.php(396): CodeIgniter\Database\BaseBuilder->update()
#5 C:\xampp\htdocs\atk_humas\system\BaseModel.php(943): CodeIgniter\Model->doUpdate(Array, Array)
#6 C:\xampp\htdocs\atk_humas\system\Model.php(756): CodeIgniter\BaseModel->update(Array, Array)
#7 C:\xampp\htdocs\atk_humas\app\Controllers\BarangController.php(76): CodeIgniter\Model->update('9', Array)
#8 C:\xampp\htdocs\atk_humas\system\CodeIgniter.php(932): App\Controllers\BarangController->edit('9')
#9 C:\xampp\htdocs\atk_humas\system\CodeIgniter.php(497): CodeIgniter\CodeIgniter->runController(Object(App\Controllers\BarangController))
#10 C:\xampp\htdocs\atk_humas\system\CodeIgniter.php(366): CodeIgniter\CodeIgniter->handleRequest(NULL, Object(Config\Cache), false)
#11 C:\xampp\htdocs\atk_humas\index.php(67): CodeIgniter\CodeIgniter->run()
#12 {main}
CRITICAL - 2023-08-15 09:18:53 --> Lock wait timeout exceeded; try restarting transaction
in SYSTEMPATH\Database\MySQLi\Connection.php on line 295.
 1 SYSTEMPATH\Database\MySQLi\Connection.php(295): mysqli->query('UPDATE `atk` SET `nama` = \'Yae Miko\', `jumlah` = \'10\', `keterangan` = \'buah\', `tanggal` = \'2023-08-15\', `status` = \'1\'
WHERE `atk`.`id` IN (\'9\')', 0)
 2 SYSTEMPATH\Database\BaseConnection.php(692): CodeIgniter\Database\MySQLi\Connection->execute('UPDATE `atk` SET `nama` = \'Yae Miko\', `jumlah` = \'10\', `keterangan` = \'buah\', `tanggal` = \'2023-08-15\', `status` = \'1\'
WHERE `atk`.`id` IN (\'9\')')
 3 SYSTEMPATH\Database\BaseConnection.php(606): CodeIgniter\Database\BaseConnection->simpleQuery('UPDATE `atk` SET `nama` = \'Yae Miko\', `jumlah` = \'10\', `keterangan` = \'buah\', `tanggal` = \'2023-08-15\', `status` = \'1\'
WHERE `atk`.`id` IN (\'9\')')
 4 SYSTEMPATH\Database\BaseBuilder.php(2476): CodeIgniter\Database\BaseConnection->query('UPDATE `atk` SET `nama` = :nama:, `jumlah` = :jumlah:, `keterangan` = :keterangan:, `tanggal` = :tanggal:, `status` = :status:
WHERE `atk`.`id` IN :atk.id:', [...], false)
 5 SYSTEMPATH\Model.php(396): CodeIgniter\Database\BaseBuilder->update()
 6 SYSTEMPATH\BaseModel.php(943): CodeIgniter\Model->doUpdate([...], [...])
 7 SYSTEMPATH\Model.php(756): CodeIgniter\BaseModel->update([...], [...])
 8 APPPATH\Controllers\BarangController.php(76): CodeIgniter\Model->update('9', [...])
 9 SYSTEMPATH\CodeIgniter.php(932): App\Controllers\BarangController->edit('9')
10 SYSTEMPATH\CodeIgniter.php(497): CodeIgniter\CodeIgniter->runController(Object(App\Controllers\BarangController))
11 SYSTEMPATH\CodeIgniter.php(366): CodeIgniter\CodeIgniter->handleRequest(null, Object(Config\Cache), false)
12 FCPATH\index.php(67): CodeIgniter\CodeIgniter->run()
ERROR - 2023-08-15 09:18:58 --> mysqli_sql_exception: Lock wait timeout exceeded; try restarting transaction in C:\xampp\htdocs\atk_humas\system\Database\MySQLi\Connection.php:295
Stack trace:
#0 C:\xampp\htdocs\atk_humas\system\Database\MySQLi\Connection.php(295): mysqli->query('UPDATE `atk` SE...', 0)
#1 C:\xampp\htdocs\atk_humas\system\Database\BaseConnection.php(692): CodeIgniter\Database\MySQLi\Connection->execute('UPDATE `atk` SE...')
#2 C:\xampp\htdocs\atk_humas\system\Database\BaseConnection.php(606): CodeIgniter\Database\BaseConnection->simpleQuery('UPDATE `atk` SE...')
#3 C:\xampp\htdocs\atk_humas\system\Database\BaseBuilder.php(2476): CodeIgniter\Database\BaseConnection->query('UPDATE `atk` SE...', Array, false)
#4 C:\xampp\htdocs\atk_humas\system\Model.php(396): CodeIgniter\Database\BaseBuilder->update()
#5 C:\xampp\htdocs\atk_humas\system\BaseModel.php(943): CodeIgniter\Model->doUpdate(Array, Array)
#6 C:\xampp\htdocs\atk_humas\system\Model.php(756): CodeIgniter\BaseModel->update(Array, Array)
#7 C:\xampp\htdocs\atk_humas\app\Controllers\BarangController.php(76): CodeIgniter\Model->update('9', Array)
#8 C:\xampp\htdocs\atk_humas\system\CodeIgniter.php(932): App\Controllers\BarangController->edit('9')
#9 C:\xampp\htdocs\atk_humas\system\CodeIgniter.php(497): CodeIgniter\CodeIgniter->runController(Object(App\Controllers\BarangController))
#10 C:\xampp\htdocs\atk_humas\system\CodeIgniter.php(366): CodeIgniter\CodeIgniter->handleRequest(NULL, Object(Config\Cache), false)
#11 C:\xampp\htdocs\atk_humas\index.php(67): CodeIgniter\CodeIgniter->run()
#12 {main}
CRITICAL - 2023-08-15 09:18:58 --> Lock wait timeout exceeded; try restarting transaction
in SYSTEMPATH\Database\MySQLi\Connection.php on line 295.
 1 SYSTEMPATH\Database\MySQLi\Connection.php(295): mysqli->query('UPDATE `atk` SET `nama` = \'Yae Miko\', `jumlah` = \'10\', `keterangan` = \'buah\', `tanggal` = \'2023-08-15\', `status` = \'1\'
WHERE `atk`.`id` IN (\'9\')', 0)
 2 SYSTEMPATH\Database\BaseConnection.php(692): CodeIgniter\Database\MySQLi\Connection->execute('UPDATE `atk` SET `nama` = \'Yae Miko\', `jumlah` = \'10\', `keterangan` = \'buah\', `tanggal` = \'2023-08-15\', `status` = \'1\'
WHERE `atk`.`id` IN (\'9\')')
 3 SYSTEMPATH\Database\BaseConnection.php(606): CodeIgniter\Database\BaseConnection->simpleQuery('UPDATE `atk` SET `nama` = \'Yae Miko\', `jumlah` = \'10\', `keterangan` = \'buah\', `tanggal` = \'2023-08-15\', `status` = \'1\'
WHERE `atk`.`id` IN (\'9\')')
 4 SYSTEMPATH\Database\BaseBuilder.php(2476): CodeIgniter\Database\BaseConnection->query('UPDATE `atk` SET `nama` = :nama:, `jumlah` = :jumlah:, `keterangan` = :keterangan:, `tanggal` = :tanggal:, `status` = :status:
WHERE `atk`.`id` IN :atk.id:', [...], false)
 5 SYSTEMPATH\Model.php(396): CodeIgniter\Database\BaseBuilder->update()
 6 SYSTEMPATH\BaseModel.php(943): CodeIgniter\Model->doUpdate([...], [...])
 7 SYSTEMPATH\Model.php(756): CodeIgniter\BaseModel->update([...], [...])
 8 APPPATH\Controllers\BarangController.php(76): CodeIgniter\Model->update('9', [...])
 9 SYSTEMPATH\CodeIgniter.php(932): App\Controllers\BarangController->edit('9')
10 SYSTEMPATH\CodeIgniter.php(497): CodeIgniter\CodeIgniter->runController(Object(App\Controllers\BarangController))
11 SYSTEMPATH\CodeIgniter.php(366): CodeIgniter\CodeIgniter->handleRequest(null, Object(Config\Cache), false)
12 FCPATH\index.php(67): CodeIgniter\CodeIgniter->run()
ERROR - 2023-08-15 09:19:43 --> mysqli_sql_exception: Lock wait timeout exceeded; try restarting transaction in C:\xampp\htdocs\atk_humas\system\Database\MySQLi\Connection.php:295
Stack trace:
#0 C:\xampp\htdocs\atk_humas\system\Database\MySQLi\Connection.php(295): mysqli->query('DELETE FROM `at...', 0)
#1 C:\xampp\htdocs\atk_humas\system\Database\BaseConnection.php(692): CodeIgniter\Database\MySQLi\Connection->execute('DELETE FROM `at...')
#2 C:\xampp\htdocs\atk_humas\system\Database\BaseConnection.php(606): CodeIgniter\Database\BaseConnection->simpleQuery('DELETE FROM `at...')
#3 C:\xampp\htdocs\atk_humas\system\Database\BaseBuilder.php(2791): CodeIgniter\Database\BaseConnection->query('DELETE FROM `at...', Array, false)
#4 C:\xampp\htdocs\atk_humas\system\Model.php(456): CodeIgniter\Database\BaseBuilder->delete()
#5 C:\xampp\htdocs\atk_humas\system\BaseModel.php(1065): CodeIgniter\Model->doDelete(Array, false)
#6 C:\xampp\htdocs\atk_humas\app\Controllers\BarangController.php(89): CodeIgniter\BaseModel->delete(Array)
#7 C:\xampp\htdocs\atk_humas\system\CodeIgniter.php(932): App\Controllers\BarangController->delete('9')
#8 C:\xampp\htdocs\atk_humas\system\CodeIgniter.php(497): CodeIgniter\CodeIgniter->runController(Object(App\Controllers\BarangController))
#9 C:\xampp\htdocs\atk_humas\system\CodeIgniter.php(366): CodeIgniter\CodeIgniter->handleRequest(NULL, Object(Config\Cache), false)
#10 C:\xampp\htdocs\atk_humas\index.php(67): CodeIgniter\CodeIgniter->run()
#11 {main}
CRITICAL - 2023-08-15 09:19:43 --> Lock wait timeout exceeded; try restarting transaction
in SYSTEMPATH\Database\MySQLi\Connection.php on line 295.
 1 SYSTEMPATH\Database\MySQLi\Connection.php(295): mysqli->query('DELETE FROM `atk`
WHERE `id` IN (\'9\')', 0)
 2 SYSTEMPATH\Database\BaseConnection.php(692): CodeIgniter\Database\MySQLi\Connection->execute('DELETE FROM `atk`
WHERE `id` IN (\'9\')')
 3 SYSTEMPATH\Database\BaseConnection.php(606): CodeIgniter\Database\BaseConnection->simpleQuery('DELETE FROM `atk`
WHERE `id` IN (\'9\')')
 4 SYSTEMPATH\Database\BaseBuilder.php(2791): CodeIgniter\Database\BaseConnection->query('DELETE FROM `atk`
WHERE `id` IN :id:', [...], false)
 5 SYSTEMPATH\Model.php(456): CodeIgniter\Database\BaseBuilder->delete()
 6 SYSTEMPATH\BaseModel.php(1065): CodeIgniter\Model->doDelete([...], false)
 7 APPPATH\Controllers\BarangController.php(89): CodeIgniter\BaseModel->delete([...])
 8 SYSTEMPATH\CodeIgniter.php(932): App\Controllers\BarangController->delete('9')
 9 SYSTEMPATH\CodeIgniter.php(497): CodeIgniter\CodeIgniter->runController(Object(App\Controllers\BarangController))
10 SYSTEMPATH\CodeIgniter.php(366): CodeIgniter\CodeIgniter->handleRequest(null, Object(Config\Cache), false)
11 FCPATH\index.php(67): CodeIgniter\CodeIgniter->run()
ERROR - 2023-08-15 09:21:04 --> mysqli_sql_exception: Lock wait timeout exceeded; try restarting transaction in C:\xampp\htdocs\atk_humas\system\Database\MySQLi\Connection.php:295
Stack trace:
#0 C:\xampp\htdocs\atk_humas\system\Database\MySQLi\Connection.php(295): mysqli->query('DELETE FROM `at...', 0)
#1 C:\xampp\htdocs\atk_humas\system\Database\BaseConnection.php(692): CodeIgniter\Database\MySQLi\Connection->execute('DELETE FROM `at...')
#2 C:\xampp\htdocs\atk_humas\system\Database\BaseConnection.php(606): CodeIgniter\Database\BaseConnection->simpleQuery('DELETE FROM `at...')
#3 C:\xampp\htdocs\atk_humas\system\Database\BaseBuilder.php(2791): CodeIgniter\Database\BaseConnection->query('DELETE FROM `at...', Array, false)
#4 C:\xampp\htdocs\atk_humas\system\Model.php(456): CodeIgniter\Database\BaseBuilder->delete()
#5 C:\xampp\htdocs\atk_humas\system\BaseModel.php(1065): CodeIgniter\Model->doDelete(Array, false)
#6 C:\xampp\htdocs\atk_humas\app\Controllers\BarangController.php(89): CodeIgniter\BaseModel->delete(Array)
#7 C:\xampp\htdocs\atk_humas\system\CodeIgniter.php(932): App\Controllers\BarangController->delete('9')
#8 C:\xampp\htdocs\atk_humas\system\CodeIgniter.php(497): CodeIgniter\CodeIgniter->runController(Object(App\Controllers\BarangController))
#9 C:\xampp\htdocs\atk_humas\system\CodeIgniter.php(366): CodeIgniter\CodeIgniter->handleRequest(NULL, Object(Config\Cache), false)
#10 C:\xampp\htdocs\atk_humas\index.php(67): CodeIgniter\CodeIgniter->run()
#11 {main}
CRITICAL - 2023-08-15 09:21:04 --> Lock wait timeout exceeded; try restarting transaction
in SYSTEMPATH\Database\MySQLi\Connection.php on line 295.
 1 SYSTEMPATH\Database\MySQLi\Connection.php(295): mysqli->query('DELETE FROM `atk`
WHERE `id` IN (\'9\')', 0)
 2 SYSTEMPATH\Database\BaseConnection.php(692): CodeIgniter\Database\MySQLi\Connection->execute('DELETE FROM `atk`
WHERE `id` IN (\'9\')')
 3 SYSTEMPATH\Database\BaseConnection.php(606): CodeIgniter\Database\BaseConnection->simpleQuery('DELETE FROM `atk`
WHERE `id` IN (\'9\')')
 4 SYSTEMPATH\Database\BaseBuilder.php(2791): CodeIgniter\Database\BaseConnection->query('DELETE FROM `atk`
WHERE `id` IN :id:', [...], false)
 5 SYSTEMPATH\Model.php(456): CodeIgniter\Database\BaseBuilder->delete()
 6 SYSTEMPATH\BaseModel.php(1065): CodeIgniter\Model->doDelete([...], false)
 7 APPPATH\Controllers\BarangController.php(89): CodeIgniter\BaseModel->delete([...])
 8 SYSTEMPATH\CodeIgniter.php(932): App\Controllers\BarangController->delete('9')
 9 SYSTEMPATH\CodeIgniter.php(497): CodeIgniter\CodeIgniter->runController(Object(App\Controllers\BarangController))
10 SYSTEMPATH\CodeIgniter.php(366): CodeIgniter\CodeIgniter->handleRequest(null, Object(Config\Cache), false)
11 FCPATH\index.php(67): CodeIgniter\CodeIgniter->run()
ERROR - 2023-08-15 09:21:14 --> mysqli_sql_exception: Lock wait timeout exceeded; try restarting transaction in C:\xampp\htdocs\atk_humas\system\Database\MySQLi\Connection.php:295
Stack trace:
#0 C:\xampp\htdocs\atk_humas\system\Database\MySQLi\Connection.php(295): mysqli->query('UPDATE `atk` SE...', 0)
#1 C:\xampp\htdocs\atk_humas\system\Database\BaseConnection.php(692): CodeIgniter\Database\MySQLi\Connection->execute('UPDATE `atk` SE...')
#2 C:\xampp\htdocs\atk_humas\system\Database\BaseConnection.php(606): CodeIgniter\Database\BaseConnection->simpleQuery('UPDATE `atk` SE...')
#3 C:\xampp\htdocs\atk_humas\system\Database\BaseBuilder.php(2476): CodeIgniter\Database\BaseConnection->query('UPDATE `atk` SE...', Array, false)
#4 C:\xampp\htdocs\atk_humas\system\Model.php(396): CodeIgniter\Database\BaseBuilder->update()
#5 C:\xampp\htdocs\atk_humas\system\BaseModel.php(943): CodeIgniter\Model->doUpdate(Array, Array)
#6 C:\xampp\htdocs\atk_humas\system\Model.php(756): CodeIgniter\BaseModel->update(Array, Array)
#7 C:\xampp\htdocs\atk_humas\app\Controllers\BarangController.php(76): CodeIgniter\Model->update('9', Array)
#8 C:\xampp\htdocs\atk_humas\system\CodeIgniter.php(932): App\Controllers\BarangController->edit('9')
#9 C:\xampp\htdocs\atk_humas\system\CodeIgniter.php(497): CodeIgniter\CodeIgniter->runController(Object(App\Controllers\BarangController))
#10 C:\xampp\htdocs\atk_humas\system\CodeIgniter.php(366): CodeIgniter\CodeIgniter->handleRequest(NULL, Object(Config\Cache), false)
#11 C:\xampp\htdocs\atk_humas\index.php(67): CodeIgniter\CodeIgniter->run()
#12 {main}
CRITICAL - 2023-08-15 09:21:14 --> Lock wait timeout exceeded; try restarting transaction
in SYSTEMPATH\Database\MySQLi\Connection.php on line 295.
 1 SYSTEMPATH\Database\MySQLi\Connection.php(295): mysqli->query('UPDATE `atk` SET `nama` = \'Yae Miko\', `jumlah` = \'10\', `keterangan` = \'buah\', `tanggal` = \'2023-08-15\', `status` = \'1\'
WHERE `atk`.`id` IN (\'9\')', 0)
 2 SYSTEMPATH\Database\BaseConnection.php(692): CodeIgniter\Database\MySQLi\Connection->execute('UPDATE `atk` SET `nama` = \'Yae Miko\', `jumlah` = \'10\', `keterangan` = \'buah\', `tanggal` = \'2023-08-15\', `status` = \'1\'
WHERE `atk`.`id` IN (\'9\')')
 3 SYSTEMPATH\Database\BaseConnection.php(606): CodeIgniter\Database\BaseConnection->simpleQuery('UPDATE `atk` SET `nama` = \'Yae Miko\', `jumlah` = \'10\', `keterangan` = \'buah\', `tanggal` = \'2023-08-15\', `status` = \'1\'
WHERE `atk`.`id` IN (\'9\')')
 4 SYSTEMPATH\Database\BaseBuilder.php(2476): CodeIgniter\Database\BaseConnection->query('UPDATE `atk` SET `nama` = :nama:, `jumlah` = :jumlah:, `keterangan` = :keterangan:, `tanggal` = :tanggal:, `status` = :status:
WHERE `atk`.`id` IN :atk.id:', [...], false)
 5 SYSTEMPATH\Model.php(396): CodeIgniter\Database\BaseBuilder->update()
 6 SYSTEMPATH\BaseModel.php(943): CodeIgniter\Model->doUpdate([...], [...])
 7 SYSTEMPATH\Model.php(756): CodeIgniter\BaseModel->update([...], [...])
 8 APPPATH\Controllers\BarangController.php(76): CodeIgniter\Model->update('9', [...])
 9 SYSTEMPATH\CodeIgniter.php(932): App\Controllers\BarangController->edit('9')
10 SYSTEMPATH\CodeIgniter.php(497): CodeIgniter\CodeIgniter->runController(Object(App\Controllers\BarangController))
11 SYSTEMPATH\CodeIgniter.php(366): CodeIgniter\CodeIgniter->handleRequest(null, Object(Config\Cache), false)
12 FCPATH\index.php(67): CodeIgniter\CodeIgniter->run()
ERROR - 2023-08-15 09:21:37 --> mysqli_sql_exception: Lock wait timeout exceeded; try restarting transaction in C:\xampp\htdocs\atk_humas\system\Database\MySQLi\Connection.php:295
Stack trace:
#0 C:\xampp\htdocs\atk_humas\system\Database\MySQLi\Connection.php(295): mysqli->query('UPDATE `atk` SE...', 0)
#1 C:\xampp\htdocs\atk_humas\system\Database\BaseConnection.php(692): CodeIgniter\Database\MySQLi\Connection->execute('UPDATE `atk` SE...')
#2 C:\xampp\htdocs\atk_humas\system\Database\BaseConnection.php(606): CodeIgniter\Database\BaseConnection->simpleQuery('UPDATE `atk` SE...')
#3 C:\xampp\htdocs\atk_humas\system\Database\BaseBuilder.php(2476): CodeIgniter\Database\BaseConnection->query('UPDATE `atk` SE...', Array, false)
#4 C:\xampp\htdocs\atk_humas\system\Model.php(396): CodeIgniter\Database\BaseBuilder->update()
#5 C:\xampp\htdocs\atk_humas\system\BaseModel.php(943): CodeIgniter\Model->doUpdate(Array, Array)
#6 C:\xampp\htdocs\atk_humas\system\Model.php(756): CodeIgniter\BaseModel->update(Array, Array)
#7 C:\xampp\htdocs\atk_humas\app\Controllers\BarangController.php(76): CodeIgniter\Model->update('9', Array)
#8 C:\xampp\htdocs\atk_humas\system\CodeIgniter.php(932): App\Controllers\BarangController->edit('9')
#9 C:\xampp\htdocs\atk_humas\system\CodeIgniter.php(497): CodeIgniter\CodeIgniter->runController(Object(App\Controllers\BarangController))
#10 C:\xampp\htdocs\atk_humas\system\CodeIgniter.php(366): CodeIgniter\CodeIgniter->handleRequest(NULL, Object(Config\Cache), false)
#11 C:\xampp\htdocs\atk_humas\index.php(67): CodeIgniter\CodeIgniter->run()
#12 {main}
CRITICAL - 2023-08-15 09:21:37 --> Lock wait timeout exceeded; try restarting transaction
in SYSTEMPATH\Database\MySQLi\Connection.php on line 295.
 1 SYSTEMPATH\Database\MySQLi\Connection.php(295): mysqli->query('UPDATE `atk` SET `nama` = \'Yae Miko\', `jumlah` = \'10\', `keterangan` = \'buah\', `tanggal` = \'2023-08-15\', `status` = \'1\'
WHERE `atk`.`id` IN (\'9\')', 0)
 2 SYSTEMPATH\Database\BaseConnection.php(692): CodeIgniter\Database\MySQLi\Connection->execute('UPDATE `atk` SET `nama` = \'Yae Miko\', `jumlah` = \'10\', `keterangan` = \'buah\', `tanggal` = \'2023-08-15\', `status` = \'1\'
WHERE `atk`.`id` IN (\'9\')')
 3 SYSTEMPATH\Database\BaseConnection.php(606): CodeIgniter\Database\BaseConnection->simpleQuery('UPDATE `atk` SET `nama` = \'Yae Miko\', `jumlah` = \'10\', `keterangan` = \'buah\', `tanggal` = \'2023-08-15\', `status` = \'1\'
WHERE `atk`.`id` IN (\'9\')')
 4 SYSTEMPATH\Database\BaseBuilder.php(2476): CodeIgniter\Database\BaseConnection->query('UPDATE `atk` SET `nama` = :nama:, `jumlah` = :jumlah:, `keterangan` = :keterangan:, `tanggal` = :tanggal:, `status` = :status:
WHERE `atk`.`id` IN :atk.id:', [...], false)
 5 SYSTEMPATH\Model.php(396): CodeIgniter\Database\BaseBuilder->update()
 6 SYSTEMPATH\BaseModel.php(943): CodeIgniter\Model->doUpdate([...], [...])
 7 SYSTEMPATH\Model.php(756): CodeIgniter\BaseModel->update([...], [...])
 8 APPPATH\Controllers\BarangController.php(76): CodeIgniter\Model->update('9', [...])
 9 SYSTEMPATH\CodeIgniter.php(932): App\Controllers\BarangController->edit('9')
10 SYSTEMPATH\CodeIgniter.php(497): CodeIgniter\CodeIgniter->runController(Object(App\Controllers\BarangController))
11 SYSTEMPATH\CodeIgniter.php(366): CodeIgniter\CodeIgniter->handleRequest(null, Object(Config\Cache), false)
12 FCPATH\index.php(67): CodeIgniter\CodeIgniter->run()
CRITICAL - 2023-08-15 09:22:15 --> Maximum execution time of 120 seconds exceeded
in SYSTEMPATH\Database\MySQLi\Connection.php on line 296.
 1 [internal function]: CodeIgniter\Debug\Exceptions->shutdownHandler()
CRITICAL - 2023-08-15 09:22:15 --> Maximum execution time of 120 seconds exceeded
in SYSTEMPATH\Database\MySQLi\Connection.php on line 296.
 1 [internal function]: CodeIgniter\Debug\Exceptions->shutdownHandler()
CRITICAL - 2023-08-15 09:22:15 --> Maximum execution time of 120 seconds exceeded
in SYSTEMPATH\Database\MySQLi\Connection.php on line 296.
 1 [internal function]: CodeIgniter\Debug\Exceptions->shutdownHandler()
ERROR - 2023-08-15 09:22:31 --> Error connecting to the database: mysqli_sql_exception: No connection could be made because the target machine actively refused it in C:\xampp\htdocs\atk_humas\system\Database\MySQLi\Connection.php:174
Stack trace:
#0 C:\xampp\htdocs\atk_humas\system\Database\MySQLi\Connection.php(174): mysqli->real_connect('localhost', 'root', '', 'db_atk', 3306, '', 0)
#1 C:\xampp\htdocs\atk_humas\system\Database\BaseConnection.php(391): CodeIgniter\Database\MySQLi\Connection->connect(false)
#2 C:\xampp\htdocs\atk_humas\system\Database\BaseConnection.php(574): CodeIgniter\Database\BaseConnection->initialize()
#3 C:\xampp\htdocs\atk_humas\system\Database\BaseBuilder.php(1616): CodeIgniter\Database\BaseConnection->query('SELECT *\nFROM `...', Array, false)
#4 C:\xampp\htdocs\atk_humas\system\Model.php(241): CodeIgniter\Database\BaseBuilder->get()
#5 C:\xampp\htdocs\atk_humas\system\BaseModel.php(618): CodeIgniter\Model->doFindAll(0, 0)
#6 C:\xampp\htdocs\atk_humas\app\Controllers\Home.php(11): CodeIgniter\BaseModel->findAll()
#7 C:\xampp\htdocs\atk_humas\system\CodeIgniter.php(932): App\Controllers\Home->index()
#8 C:\xampp\htdocs\atk_humas\system\CodeIgniter.php(497): CodeIgniter\CodeIgniter->runController(Object(App\Controllers\Home))
#9 C:\xampp\htdocs\atk_humas\system\CodeIgniter.php(366): CodeIgniter\CodeIgniter->handleRequest(NULL, Object(Config\Cache), false)
#10 C:\xampp\htdocs\atk_humas\index.php(67): CodeIgniter\CodeIgniter->run()
#11 {main}

Next CodeIgniter\Database\Exceptions\DatabaseException: No connection could be made because the target machine actively refused it in C:\xampp\htdocs\atk_humas\system\Database\MySQLi\Connection.php:218
Stack trace:
#0 C:\xampp\htdocs\atk_humas\system\Database\BaseConnection.php(391): CodeIgniter\Database\MySQLi\Connection->connect(false)
#1 C:\xampp\htdocs\atk_humas\system\Database\BaseConnection.php(574): CodeIgniter\Database\BaseConnection->initialize()
#2 C:\xampp\htdocs\atk_humas\system\Database\BaseBuilder.php(1616): CodeIgniter\Database\BaseConnection->query('SELECT *\nFROM `...', Array, false)
#3 C:\xampp\htdocs\atk_humas\system\Model.php(241): CodeIgniter\Database\BaseBuilder->get()
#4 C:\xampp\htdocs\atk_humas\system\BaseModel.php(618): CodeIgniter\Model->doFindAll(0, 0)
#5 C:\xampp\htdocs\atk_humas\app\Controllers\Home.php(11): CodeIgniter\BaseModel->findAll()
#6 C:\xampp\htdocs\atk_humas\system\CodeIgniter.php(932): App\Controllers\Home->index()
#7 C:\xampp\htdocs\atk_humas\system\CodeIgniter.php(497): CodeIgniter\CodeIgniter->runController(Object(App\Controllers\Home))
#8 C:\xampp\htdocs\atk_humas\system\CodeIgniter.php(366): CodeIgniter\CodeIgniter->handleRequest(NULL, Object(Config\Cache), false)
#9 C:\xampp\htdocs\atk_humas\index.php(67): CodeIgniter\CodeIgniter->run()
#10 {main}
CRITICAL - 2023-08-15 09:22:31 --> Unable to connect to the database.
Main connection [MySQLi]: No connection could be made because the target machine actively refused it
in SYSTEMPATH\Database\BaseConnection.php on line 427.
 1 SYSTEMPATH\Database\BaseConnection.php(574): CodeIgniter\Database\BaseConnection->initialize()
 2 SYSTEMPATH\Database\BaseBuilder.php(1616): CodeIgniter\Database\BaseConnection->query('SELECT *
FROM `atk`', [], false)
 3 SYSTEMPATH\Model.php(241): CodeIgniter\Database\BaseBuilder->get()
 4 SYSTEMPATH\BaseModel.php(618): CodeIgniter\Model->doFindAll(0, 0)
 5 APPPATH\Controllers\Home.php(11): CodeIgniter\BaseModel->findAll()
 6 SYSTEMPATH\CodeIgniter.php(932): App\Controllers\Home->index()
 7 SYSTEMPATH\CodeIgniter.php(497): CodeIgniter\CodeIgniter->runController(Object(App\Controllers\Home))
 8 SYSTEMPATH\CodeIgniter.php(366): CodeIgniter\CodeIgniter->handleRequest(null, Object(Config\Cache), false)
 9 FCPATH\index.php(67): CodeIgniter\CodeIgniter->run()
INFO - 2023-08-15 09:22:50 --> Session: Class initialized using 'CodeIgniter\Session\Handlers\FileHandler' driver.
INFO - 2023-08-15 09:23:18 --> Session: Class initialized using 'CodeIgniter\Session\Handlers\FileHandler' driver.
INFO - 2023-08-15 09:23:20 --> Session: Class initialized using 'CodeIgniter\Session\Handlers\FileHandler' driver.
INFO - 2023-08-15 09:23:22 --> Session: Class initialized using 'CodeIgniter\Session\Handlers\FileHandler' driver.
INFO - 2023-08-15 09:23:23 --> Session: Class initialized using 'CodeIgniter\Session\Handlers\FileHandler' driver.
